This is pdfTeX, Version 3.1415926-1.40.11 (TeX Live 2010) (format=latex 2013.5.23)  11 JUN 2015 12:09
entering extended mode
 restricted \write18 enabled.
 %&-line parsing enabled.
**s2user
(./s2user.tex
LaTeX2e <2009/09/24>
Babel <v3.8l> and hyphenation patterns for english, dumylang, nohyphenation, ge
rman-x-2009-06-19, ngerman-x-2009-06-19, ancientgreek, ibycus, arabic, armenian
, basque, bulgarian, catalan, pinyin, coptic, croatian, czech, danish, dutch, u
kenglish, usenglishmax, esperanto, estonian, farsi, finnish, french, galician, 
german, ngerman, swissgerman, monogreek, greek, hungarian, icelandic, assamese,
 bengali, gujarati, hindi, kannada, malayalam, marathi, oriya, panjabi, tamil, 
telugu, indonesian, interlingua, irish, italian, kurmanji, lao, latin, latvian,
 lithuanian, mongolian, mongolianlmc, bokmal, nynorsk, polish, portuguese, roma
nian, russian, sanskrit, serbian, slovak, slovenian, spanish, swedish, turkish,
 turkmen, ukrainian, uppersorbian, welsh, loaded.
(/usr/share/texmf/tex/latex/base/article.cls
Document Class: article 2007/10/19 v1.4h Standard LaTeX document class
(/usr/share/texmf/tex/latex/base/size10.clo
File: size10.clo 2007/10/19 v1.4h Standard LaTeX file (size option)
)
\c@part=\count79
\c@section=\count80
\c@subsection=\count81
\c@subsubsection=\count82
\c@paragraph=\count83
\c@subparagraph=\count84
\c@figure=\count85
\c@table=\count86
\abovecaptionskip=\skip41
\belowcaptionskip=\skip42
\bibindent=\dimen102
)
(/usr/share/texmf/tex/latex/graphics/graphics.sty
Package: graphics 2009/02/05 v1.0o Standard LaTeX Graphics (DPC,SPQR)

(/usr/share/texmf/tex/latex/graphics/trig.sty
Package: trig 1999/03/16 v1.09 sin cos tan (DPC)
)
(/usr/share/texmf/tex/latex/latexconfig/graphics.cfg
File: graphics.cfg 2010/04/23 v1.9 graphics configuration of TeX Live
)
Package graphics Info: Driver file: dvips.def on input line 91.

(/usr/share/texmf/tex/latex/graphics/dvips.def
File: dvips.def 1999/02/16 v3.0i Driver-dependant file (DPC,SPQR)
)) (./s2user.aux)
\openout1 = `s2user.aux'.

LaTeX Font Info:    Checking defaults for OML/cmm/m/it on input line 8.
LaTeX Font Info:    ... okay on input line 8.
LaTeX Font Info:    Checking defaults for T1/cmr/m/n on input line 8.
LaTeX Font Info:    ... okay on input line 8.
LaTeX Font Info:    Checking defaults for OT1/cmr/m/n on input line 8.
LaTeX Font Info:    ... okay on input line 8.
LaTeX Font Info:    Checking defaults for OMS/cmsy/m/n on input line 8.
LaTeX Font Info:    ... okay on input line 8.
LaTeX Font Info:    Checking defaults for OMX/cmex/m/n on input line 8.
LaTeX Font Info:    ... okay on input line 8.
LaTeX Font Info:    Checking defaults for U/cmr/m/n on input line 8.
LaTeX Font Info:    ... okay on input line 8.
 [1

]
LaTeX Font Info:    External font `cmex10' loaded for size
(Font)              <7> on input line 87.
LaTeX Font Info:    External font `cmex10' loaded for size
(Font)              <5> on input line 87.
 [2]
[3] [4] [5]
Underfull \hbox (badness 10000) in paragraph at lines 341--344

 []


Underfull \hbox (badness 10000) in paragraph at lines 357--361

 []

[6] [7] [8] [9] [10] [11] [12]
Overfull \hbox (16.8206pt too wide) in paragraph at lines 906--924
\OT1/cmr/m/n/10 A fi-nal trans-for-ma-tion into char-ac-ter-is-tic form is achi
eved through the de-com-po-si-tion $\OT1/cmss/m/n/10 A[] \OT1/cmr/m/n/10 = \OT1
/cmss/m/n/10 S[]\OT1/cmr/m/n/10 ^^C[] [][]$
 []

[13] [14] [15] [16] [17] [18] [19]
Overfull \hbox (32.01288pt too wide) in alignment at lines 1639--1798
 [][][] []
 []

[20] [21]
Overfull \hbox (32.01288pt too wide) in alignment at lines 1838--2067
 [][][] []
 []

[22]
File: CuboidalDomain.eps Graphic file (type eps)
 <CuboidalDomain.eps> [23]
Underfull \hbox (badness 10000) in paragraph at lines 2178--2182

 []

File: InteriorStencil.eps Graphic file (type eps)
<InteriorStencil.eps> [24]
File: LeftBoundaryStencil.eps Graphic file (type eps)
 <LeftBoundaryStencil.eps> [25]
File: BottomLeftCornerMesh.eps Graphic file (type eps)

<BottomLeftCornerMesh.eps> [26] [27]
File: ParallelDomain.eps Graphic file (type eps)
 <ParallelDomain.eps>
File: ParallelHalos.eps Graphic file (type eps)
 <ParallelHalos.eps>
[28] [29]
Overfull \hbox (1.77147pt too wide) in paragraph at lines 2580--2620
 [] 
 []

[30] [31] [32]
Underfull \hbox (badness 10000) in paragraph at lines 2768--2780

 []

[33]
Underfull \hbox (badness 10000) in paragraph at lines 2801--2807

 []

[34] [35]
Underfull \hbox (badness 10000) in paragraph at lines 2975--2980

 []


Underfull \hbox (badness 10000) in paragraph at lines 2981--2990

 []

[36]
Underfull \hbox (badness 10000) in paragraph at lines 2991--3014

 []


Underfull \hbox (badness 10000) in paragraph at lines 3015--3024

 []


Underfull \hbox (badness 10000) in paragraph at lines 3025--3053

 []


Underfull \hbox (badness 10000) in paragraph at lines 3054--3061

 []


Underfull \hbox (badness 10000) in paragraph at lines 3062--3074

 []

[37]
Underfull \hbox (badness 10000) in paragraph at lines 3075--3131

 []


Underfull \hbox (badness 10000) in paragraph at lines 3132--3139

 []


Underfull \hbox (badness 10000) in paragraph at lines 3140--3150

 []

[38]
Underfull \hbox (badness 10000) in paragraph at lines 3162--3176

 []


Underfull \hbox (badness 10000) in paragraph at lines 3177--3184

 []

[39] [40] [41]
Underfull \hbox (badness 10000) in paragraph at lines 3364--3369

 []


Underfull \hbox (badness 10000) in paragraph at lines 3370--3377

 []


Underfull \hbox (badness 10000) in paragraph at lines 3378--3387

 []

[42]
Underfull \hbox (badness 10000) in paragraph at lines 3388--3405

 []


Underfull \hbox (badness 10000) in paragraph at lines 3406--3417

 []


Underfull \hbox (badness 10000) in paragraph at lines 3418--3438

 []


Underfull \hbox (badness 10000) in paragraph at lines 3439--3463

 []


Underfull \hbox (badness 10000) in paragraph at lines 3464--3488

 []

[43]
Underfull \hbox (badness 10000) in paragraph at lines 3489--3511

 []


Underfull \hbox (badness 10000) in paragraph at lines 3512--3534

 []


Underfull \hbox (badness 10000) in paragraph at lines 3535--3553

 []


Underfull \hbox (badness 10000) in paragraph at lines 3554--3565

 []


Underfull \hbox (badness 10000) in paragraph at lines 3566--3574

 []

[44]
Underfull \hbox (badness 10000) in paragraph at lines 3575--3585

 []


Underfull \hbox (badness 10000) in paragraph at lines 3586--3597

 []


Underfull \hbox (badness 10000) in paragraph at lines 3598--3610

 []


Underfull \hbox (badness 10000) in paragraph at lines 3611--3619

 []


Underfull \hbox (badness 10000) in paragraph at lines 3620--3630

 []


Underfull \hbox (badness 10000) in paragraph at lines 3631--3640

 []


Underfull \hbox (badness 10000) in paragraph at lines 3641--3651

 []


Underfull \hbox (badness 10000) in paragraph at lines 3652--3660

 []

[45] [46]
Underfull \hbox (badness 10000) in paragraph at lines 3746--3749

 []


Underfull \hbox (badness 10000) in paragraph at lines 3750--3754

 []


Underfull \hbox (badness 10000) in paragraph at lines 3755--3766

 []


Underfull \hbox (badness 10000) in paragraph at lines 3767--3772

 []


Underfull \hbox (badness 10000) in paragraph at lines 3773--3781

 []

[47]
Underfull \hbox (badness 10000) in paragraph at lines 3782--3791

 []


Underfull \hbox (badness 10000) in paragraph at lines 3792--3805

 []


Underfull \hbox (badness 10000) in paragraph at lines 3806--3819

 []

[48]
Underfull \hbox (badness 10000) in paragraph at lines 3859--3862

 []


Underfull \hbox (badness 10000) in paragraph at lines 3863--3866

 []


Underfull \hbox (badness 10000) in paragraph at lines 3867--3878

 []


Underfull \hbox (badness 10000) in paragraph at lines 3879--3890

 []

[49] [50] [51] [52] [53] [54]
Underfull \hbox (badness 10000) in paragraph at lines 4262--4270

 []

[55]
Underfull \hbox (badness 10000) in paragraph at lines 4375--4386

 []

[56]
Underfull \hbox (badness 10000) in paragraph at lines 4406--4415

 []

[57]
Underfull \hbox (badness 10000) in paragraph at lines 4489--4505

 []

[58]
Underfull \hbox (badness 10000) in paragraph at lines 4563--4574

 []

[59] [60] [61] (./s2user.aux) ) 
Here is how much of TeX's memory you used:
 578 strings out of 493748
 6487 string characters out of 3151265
 85788 words of memory out of 3500000
 3927 multiletter control sequences out of 15000+200000
 7534 words of font info for 28 fonts, out of 3000000 for 9000
 714 hyphenation exceptions out of 8191
 23i,11n,19p,230b,280s stack positions out of 5000i,500n,10000p,200000b,50000s

Output written on s2user.dvi (61 pages, 280692 bytes).
